# Logfile created on 2010-11-04 19:59:52 -0400 by logger.rb/25413
REQUESTING PAGE: GET /armies/new with {} and HTTP headers {}
REQUESTING PAGE: GET /armies/new with {} and HTTP headers {}
REQUESTING PAGE: GET /armies/new with {} and HTTP headers {}
REQUESTING PAGE: GET /armies/new with {} and HTTP headers {}
REQUESTING PAGE: GET /armies/new with {} and HTTP headers {}
REQUESTING PAGE: GET /armies/new with {} and HTTP headers {}
REQUESTING PAGE: GET /armies/new with {} and HTTP headers {}
REQUESTING PAGE: GET /armies/new with {} and HTTP headers {}
REQUESTING PAGE: GET /armies/new with {} and HTTP headers {}
REQUESTING PAGE: GET /armies/new with {} and HTTP headers {}
REQUESTING PAGE: GET /armies/new with {} and HTTP headers {}
REQUESTING PAGE: GET /armies/new with {} and HTTP headers {}
REQUESTING PAGE: GET /armies/new with {} and HTTP headers {}
REQUESTING PAGE: POST /armies with {"utf8"=>"\xE2\x9C\x93", "army"=>{"name"=>"Gepanzerte Panzergrenadierekompanie", "point_total"=>"1750", "description"=>"Armored panzer grenadier company"}, "commit"=>"Create Army"} and HTTP headers {"HTTP_REFERER"=>"/armies/new"}
REQUESTING PAGE: GET /armies/new with {} and HTTP headers {}
REQUESTING PAGE: POST /armies with {"utf8"=>"\xE2\x9C\x93", "army"=>{"name"=>"Gepanzerte Panzergrenadierekompanie", "point_total"=>"1750", "description"=>"Armored panzer grenadier company"}, "commit"=>"Create Army"} and HTTP headers {"HTTP_REFERER"=>"/armies/new"}
REQUESTING PAGE: GET /armies/new with {} and HTTP headers {}
REQUESTING PAGE: POST /armies with {"utf8"=>"\xE2\x9C\x93", "army"=>{"name"=>"Gepanzerte Panzergrenadierekompanie", "point_total"=>"1750", "description"=>"Armored panzer grenadier company"}, "commit"=>"Create Army"} and HTTP headers {"HTTP_REFERER"=>"/armies/new"}
REQUESTING PAGE: GET /armies/new with {} and HTTP headers {}
REQUESTING PAGE: POST /armies with {"utf8"=>"\xE2\x9C\x93", "army"=>{"name"=>"Gepanzerte Panzergrenadierekompanie", "point_total"=>"1750", "description"=>"Armored panzer grenadier company"}, "commit"=>"Create Army"} and HTTP headers {"HTTP_REFERER"=>"/armies/new"}
REQUESTING PAGE: GET /armies/new with {} and HTTP headers {}
REQUESTING PAGE: POST /armies with {"utf8"=>"\xE2\x9C\x93", "army"=>{"name"=>"Gepanzerte Panzergrenadierekompanie", "point_total"=>"1750", "description"=>"Armored panzer grenadier company"}, "commit"=>"Create Army"} and HTTP headers {"HTTP_REFERER"=>"/armies/new"}
REQUESTING PAGE: GET /armies/new with {} and HTTP headers {}
REQUESTING PAGE: POST /armies with {"utf8"=>"\xE2\x9C\x93", "army"=>{"name"=>"Gepanzerte Panzergrenadierekompanie", "point_total"=>"1750", "description"=>"Armored panzer grenadier company"}, "commit"=>"Create Army"} and HTTP headers {"HTTP_REFERER"=>"/armies/new"}
REQUESTING PAGE: GET /armies/new with {} and HTTP headers {}
REQUESTING PAGE: POST /armies with {"utf8"=>"\xE2\x9C\x93", "army"=>{"name"=>"Gepanzerte Panzergrenadierekompanie", "point_total"=>"1750", "description"=>"Armored panzer grenadier company"}, "commit"=>"Create Army"} and HTTP headers {"HTTP_REFERER"=>"/armies/new"}
REQUESTING PAGE: GET /armies/new with {} and HTTP headers {}
REQUESTING PAGE: POST /armies with {"utf8"=>"\xE2\x9C\x93", "army"=>{"name"=>"Gepanzerte Panzergrenadierekompanie", "point_total"=>"1750", "description"=>"Armored panzer grenadier company"}, "commit"=>"Create Army"} and HTTP headers {"HTTP_REFERER"=>"/armies/new"}
REQUESTING PAGE: GET /armies/new with {} and HTTP headers {}
REQUESTING PAGE: POST /armies with {"utf8"=>"\xE2\x9C\x93", "army"=>{"name"=>"Gepanzerte Panzergrenadierekompanie", "point_total"=>"1750", "description"=>"Armored panzer grenadier company"}, "commit"=>"Create Army"} and HTTP headers {"HTTP_REFERER"=>"/armies/new"}
REQUESTING PAGE: GET /armies/new with {} and HTTP headers {}
REQUESTING PAGE: POST /armies with {"utf8"=>"\xE2\x9C\x93", "army"=>{"name"=>"Gepanzerte Panzergrenadierekompanie", "point_total"=>"1750", "description"=>"Armored panzer grenadier company"}, "commit"=>"Create Army"} and HTTP headers {"HTTP_REFERER"=>"/armies/new"}
REQUESTING PAGE: GET /armies/new with {} and HTTP headers {}
REQUESTING PAGE: POST /armies with {"utf8"=>"\xE2\x9C\x93", "army"=>{"name"=>"Gepanzerte Panzergrenadierekompanie", "point_total"=>"1750", "description"=>"Armored panzer grenadier company"}, "commit"=>"Create Army"} and HTTP headers {"HTTP_REFERER"=>"/armies/new"}
REQUESTING PAGE: GET http://example.org/armies/1 with {} and HTTP headers {"HTTP_REFERER"=>"/armies"}
REQUESTING PAGE: GET /armies/new with {} and HTTP headers {}
REQUESTING PAGE: POST /armies with {"utf8"=>"\xE2\x9C\x93", "army"=>{"name"=>"Gepanzerte Panzergrenadierekompanie", "point_total"=>"1750", "description"=>"Armored panzer grenadier company"}, "commit"=>"Create Army"} and HTTP headers {"HTTP_REFERER"=>"/armies/new"}
REQUESTING PAGE: GET http://example.org/armies/1 with {} and HTTP headers {"HTTP_REFERER"=>"/armies"}
REQUESTING PAGE: GET /armies/new with {} and HTTP headers {}
REQUESTING PAGE: GET /armies/new with {} and HTTP headers {}
REQUESTING PAGE: POST /armies with {"utf8"=>"\xE2\x9C\x93", "army"=>{"name"=>"Gepanzerte Panzergrenadierkompanie", "point_total"=>"1750", "description"=>"Armored panzer grenadier company"}, "commit"=>"Create Army"} and HTTP headers {"HTTP_REFERER"=>"/armies/new"}
REQUESTING PAGE: GET /armies/new with {} and HTTP headers {}
REQUESTING PAGE: POST /armies with {"utf8"=>"\xE2\x9C\x93", "army"=>{"name"=>"Gepanzerte Panzergrenadierkompanie", "point_total"=>"1750", "description"=>"Armored panzer grenadier company"}, "commit"=>"Create Army"} and HTTP headers {"HTTP_REFERER"=>"/armies/new"}
REQUESTING PAGE: GET /armies with {} and HTTP headers {}
REQUESTING PAGE: GET /armies with {} and HTTP headers {}
REQUESTING PAGE: GET /armies with {} and HTTP headers {}
REQUESTING PAGE: GET /armies with {} and HTTP headers {}
REQUESTING PAGE: GET /armies with {} and HTTP headers {}
REQUESTING PAGE: GET /armies with {} and HTTP headers {}
REQUESTING PAGE: GET /armies with {} and HTTP headers {}
REQUESTING PAGE: GET /armies with {} and HTTP headers {}
REQUESTING PAGE: GET /armies with {} and HTTP headers {}
REQUESTING PAGE: GET /armies with {} and HTTP headers {}
REQUESTING PAGE: GET /armies with {} and HTTP headers {}
REQUESTING PAGE: GET /armies with {} and HTTP headers {}
REQUESTING PAGE: GET /armies with {} and HTTP headers {}
REQUESTING PAGE: GET /armies with {} and HTTP headers {}
REQUESTING PAGE: GET /armies with {} and HTTP headers {}
REQUESTING PAGE: GET /armies with {} and HTTP headers {}
REQUESTING PAGE: GET /armies with {} and HTTP headers {}
REQUESTING PAGE: GET /armies/new with {} and HTTP headers {"HTTP_REFERER"=>"/armies"}
REQUESTING PAGE: POST /armies with {"utf8"=>"\xE2\x9C\x93", "army"=>{"name"=>"Gepanzerte Panzergrenadierekompanie", "point_total"=>"1750", "description"=>"Armored panzer grenadier company"}, "commit"=>"Create Army"} and HTTP headers {"HTTP_REFERER"=>"/armies/new"}
REQUESTING PAGE: GET /armies with {} and HTTP headers {}
REQUESTING PAGE: GET /armies with {} and HTTP headers {}
REQUESTING PAGE: GET /armies/new with {} and HTTP headers {"HTTP_REFERER"=>"/armies"}
REQUESTING PAGE: POST /armies with {"utf8"=>"\xE2\x9C\x93", "army"=>{"name"=>"Gepanzerte Panzergrenadierekompanie", "point_total"=>"1750", "description"=>"Armored panzer grenadier company"}, "commit"=>"Create Army"} and HTTP headers {"HTTP_REFERER"=>"/armies/new"}
REQUESTING PAGE: GET /armies with {} and HTTP headers {}
REQUESTING PAGE: GET /armies with {} and HTTP headers {}
REQUESTING PAGE: GET /armies/new with {} and HTTP headers {"HTTP_REFERER"=>"/armies"}
REQUESTING PAGE: POST /armies with {"utf8"=>"\xE2\x9C\x93", "army"=>{"name"=>"Gepanzerte Panzergrenadierekompanie", "point_total"=>"1750", "description"=>"Armored panzer grenadier company"}, "commit"=>"Create Army"} and HTTP headers {"HTTP_REFERER"=>"/armies/new"}
REQUESTING PAGE: GET /armies with {} and HTTP headers {}
REQUESTING PAGE: GET /armies with {} and HTTP headers {}
REQUESTING PAGE: GET /armies/new with {} and HTTP headers {"HTTP_REFERER"=>"/armies"}
REQUESTING PAGE: POST /armies with {"utf8"=>"\xE2\x9C\x93", "army"=>{"name"=>"Gepanzerte Panzergrenadierekompanie", "point_total"=>"1750", "description"=>"Armored panzer grenadier company"}, "commit"=>"Create Army"} and HTTP headers {"HTTP_REFERER"=>"/armies/new"}
REQUESTING PAGE: GET /armies with {} and HTTP headers {}
REQUESTING PAGE: GET /armies with {} and HTTP headers {}
REQUESTING PAGE: GET /armies/new with {} and HTTP headers {"HTTP_REFERER"=>"/armies"}
REQUESTING PAGE: POST /armies with {"utf8"=>"\xE2\x9C\x93", "army"=>{"name"=>"Gepanzerte Panzergrenadierekompanie", "point_total"=>"1750", "description"=>"Armored panzer grenadier company"}, "commit"=>"Create Army"} and HTTP headers {"HTTP_REFERER"=>"/armies/new"}
